
                             smises_Bottom_X_0
                  X                  3m       

                0.                20.6245E+06 
                3.E-03            19.527E+06  
                6.E-03            18.5316E+06 
                9.E-03            17.7401E+06 
               12.E-03            17.3961E+06 
               15.E-03            17.2758E+06 
               18.E-03            17.1872E+06 
               21.E-03            17.0862E+06 
               24.E-03            16.9607E+06 
               27.E-03            16.816E+06  
               30.E-03            16.6617E+06 
               33.E-03            16.4899E+06 
               36.E-03            16.315E+06  
               39.E-03            16.1339E+06 
               42.E-03            15.9497E+06 
               45.E-03            15.764E+06  
               48.E-03            15.5764E+06 
               51.E-03            15.3885E+06 
               54.E-03            15.2001E+06 
               57.E-03            15.0116E+06 
               60.E-03            14.8231E+06 
               63.E-03            14.6346E+06 
               66.E-03            14.4462E+06 
               69.E-03            14.2578E+06 
               72.E-03            14.0695E+06 
               75.E-03            13.8813E+06 
               78.E-03            13.6933E+06 
               81.E-03            13.5053E+06 
               84.E-03            13.3173E+06 
               87.E-03            13.1295E+06 
               90.E-03            12.9418E+06 
               93.E-03            12.7541E+06 
               96.E-03            12.5665E+06 
               99.E-03            12.379E+06  
              102.E-03            12.1916E+06 
              105.E-03            12.0043E+06 
              108.E-03            11.8171E+06 
              111.E-03            11.6299E+06 
              114.E-03            11.4428E+06 
              117.E-03            11.2558E+06 
              120.E-03            11.0689E+06 
              123.E-03            10.8821E+06 
              126.E-03            10.6953E+06 
              129.E-03            10.5087E+06 
              132.E-03            10.3221E+06 
              135.E-03            10.1356E+06 
              138.E-03             9.9492E+06 
              141.E-03             9.76286E+06
              144.E-03             9.57662E+06
              147.E-03             9.39046E+06
              150.E-03             9.20436E+06
              153.E-03             9.0184E+06 
              156.E-03             8.83248E+06
              159.E-03             8.64666E+06
              162.E-03             8.46093E+06
              165.E-03             8.27524E+06
              168.E-03             8.0897E+06 
              171.E-03             7.90421E+06
              174.E-03             7.71881E+06
              177.E-03             7.53351E+06
              180.E-03             7.34825E+06
              183.E-03             7.16314E+06
              186.E-03             6.97808E+06
              189.E-03             6.79311E+06
              192.E-03             6.60824E+06
              195.E-03             6.42342E+06
              198.E-03             6.23875E+06
              201.E-03             6.05412E+06
              204.E-03             5.8696E+06 
              207.E-03             5.68518E+06
              210.E-03             5.5008E+06 
              213.E-03             5.31658E+06
              216.E-03             5.13241E+06
              219.E-03             4.94835E+06
              222.E-03             4.76439E+06
              225.E-03             4.58049E+06
              228.E-03             4.39674E+06
              231.E-03             4.21306E+06
              234.E-03             4.02948E+06
              237.E-03             3.84602E+06
              240.E-03             3.66261E+06
              243.E-03             3.4794E+06 
              246.E-03             3.29627E+06
              249.E-03             3.1133E+06 
              252.E-03             2.93057E+06
              255.E-03             2.74797E+06
              258.E-03             2.56604E+06
              261.E-03             2.38456E+06
              264.E-03             2.20398E+06
              267.E-03             2.02523E+06
              270.E-03             1.84741E+06
              273.E-03             1.67509E+06
              276.E-03             1.5062E+06 
              279.E-03             1.34421E+06
              282.E-03             1.19413E+06
              285.E-03             1.05002E+06
              288.E-03           930.143E+03  
              291.E-03           821.219E+03  
              294.E-03           734.194E+03  
              297.E-03           691.915E+03  
              300.E-03           672.008E+03  




