
                  X              s11_top_X          svm_top_X           u2_mid_X    

                0.                19.5706E+06         2.40972E+09       12.7841E-03 
                2.E-03            39.4337E+06         2.37521E+09       12.6428E-03 
                4.E-03            82.8398E+06         2.30867E+09       12.5022E-03 
                6.E-03           123.921E+06          2.24661E+09       12.3623E-03 
                8.E-03           162.972E+06          2.18852E+09       12.223E-03  
               10.E-03           199.432E+06          2.1342E+09        12.0843E-03 
               12.E-03           233.427E+06          2.08336E+09       11.9461E-03 
               14.E-03           265.063E+06          2.03572E+09       11.8084E-03 
               16.E-03           294.47E+06           1.99102E+09       11.6711E-03 
               18.E-03           321.775E+06          1.94902E+09       11.5341E-03 
               20.E-03           347.093E+06          1.90951E+09       11.3975E-03 
               22.E-03           370.536E+06          1.87229E+09       11.2612E-03 
               24.E-03           392.205E+06          1.83717E+09       11.1251E-03 
               26.E-03           412.193E+06          1.80398E+09       10.9893E-03 
               28.E-03           430.587E+06          1.77256E+09       10.8537E-03 
               30.E-03           447.468E+06          1.74277E+09       10.7182E-03 
               32.E-03           462.91E+06           1.71448E+09       10.5829E-03 
               34.E-03           476.981E+06          1.68757E+09       10.4478E-03 
               36.E-03           489.746E+06          1.66192E+09       10.3127E-03 
               38.E-03           501.265E+06          1.63743E+09       10.1777E-03 
               40.E-03           511.591E+06          1.61401E+09       10.0428E-03 
               42.E-03           520.778E+06          1.59156E+09        9.90792E-03
               44.E-03           528.873E+06          1.57002E+09        9.7731E-03 
               46.E-03           535.92E+06           1.5493E+09         9.63832E-03
               48.E-03           541.963E+06          1.52933E+09        9.50355E-03
               50.E-03           547.039E+06          1.51006E+09        9.36879E-03
               52.E-03           551.185E+06          1.49143E+09        9.23403E-03
               54.E-03           554.436E+06          1.47338E+09        9.09926E-03
               56.E-03           556.824E+06          1.45587E+09        8.96449E-03
               58.E-03           558.38E+06           1.43884E+09        8.8297E-03 
               60.E-03           559.131E+06          1.42228E+09        8.6949E-03 
               62.E-03           559.104E+06          1.40612E+09        8.56007E-03
               64.E-03           558.325E+06          1.39035E+09        8.42523E-03
               66.E-03           556.817E+06          1.37493E+09        8.29036E-03
               68.E-03           554.603E+06          1.35983E+09        8.15548E-03
               70.E-03           551.703E+06          1.34504E+09        8.02058E-03
               72.E-03           548.137E+06          1.33051E+09        7.88567E-03
               74.E-03           543.924E+06          1.31624E+09        7.75075E-03
               76.E-03           539.083E+06          1.30221E+09        7.61583E-03
               78.E-03           533.628E+06          1.2884E+09         7.48091E-03
               80.E-03           527.577E+06          1.2748E+09         7.346E-03  
               82.E-03           520.945E+06          1.26138E+09        7.21111E-03
               84.E-03           513.745E+06          1.24815E+09        7.07625E-03
               86.E-03           505.991E+06          1.2351E+09         6.94142E-03
               88.E-03           497.697E+06          1.22221E+09        6.80664E-03
               90.E-03           488.873E+06          1.20948E+09        6.67191E-03
               92.E-03           479.532E+06          1.1969E+09         6.53725E-03
               94.E-03           469.685E+06          1.18447E+09        6.40267E-03
               96.E-03           459.342E+06          1.17219E+09        6.26818E-03
               98.E-03           448.513E+06          1.16006E+09        6.1338E-03 
              100.E-03           437.208E+06          1.14807E+09        5.99954E-03
              102.E-03           425.435E+06          1.13623E+09        5.86542E-03
              104.E-03           413.203E+06          1.12454E+09        5.73144E-03
              106.E-03           400.521E+06          1.11301E+09        5.59764E-03
              108.E-03           387.396E+06          1.10163E+09        5.46402E-03
              110.E-03           373.835E+06          1.09041E+09        5.3306E-03 
              112.E-03           359.847E+06          1.07937E+09        5.19741E-03
              114.E-03           345.437E+06          1.0685E+09         5.06445E-03
              116.E-03           330.612E+06          1.05781E+09        4.93175E-03
              118.E-03           315.379E+06          1.04733E+09        4.79932E-03
              120.E-03           299.743E+06          1.03704E+09        4.6672E-03 
              122.E-03           283.711E+06          1.02698E+09        4.53539E-03
              124.E-03           267.287E+06          1.01714E+09        4.40392E-03
              126.E-03           250.478E+06          1.00755E+09        4.27282E-03
              128.E-03           233.288E+06        998.212E+06          4.1421E-03 
              130.E-03           215.721E+06        989.147E+06          4.01179E-03
              132.E-03           197.784E+06        980.37E+06           3.88191E-03
              134.E-03           179.478E+06        971.898E+06          3.75249E-03
              136.E-03           160.808E+06        963.749E+06          3.62354E-03
              138.E-03           141.777E+06        955.941E+06          3.4951E-03 
              140.E-03           122.385E+06        948.493E+06          3.36719E-03
              142.E-03           102.634E+06        941.425E+06          3.23984E-03
              144.E-03            82.5219E+06       934.759E+06          3.11306E-03
              146.E-03            62.0447E+06       928.518E+06          2.9869E-03 
              148.E-03            41.1962E+06       922.724E+06          2.86138E-03
              150.E-03            19.9666E+06       917.403E+06          2.73652E-03
              152.E-03            -1.65736E+06      912.583E+06          2.61235E-03
              154.E-03           -23.6922E+06       908.292E+06          2.48891E-03
              156.E-03           -46.1567E+06       904.562E+06          2.36621E-03
              158.E-03           -69.0695E+06       901.425E+06          2.2443E-03 
              160.E-03           -92.445E+06        898.915E+06          2.1232E-03 
              162.E-03          -116.284E+06        897.061E+06          2.00294E-03
              164.E-03          -140.562E+06        895.885E+06          1.88355E-03
              166.E-03          -165.205E+06        895.39E+06           1.76506E-03
              168.E-03          -190.065E+06        895.541E+06          1.64751E-03
              170.E-03          -214.874E+06        896.247E+06          1.53092E-03
              172.E-03          -239.187E+06        897.319E+06          1.41534E-03
              174.E-03          -262.319E+06        898.428E+06          1.30079E-03
              176.E-03          -283.264E+06        899.05E+06           1.18731E-03
              178.E-03          -300.629E+06        898.42E+06           1.07494E-03
              180.E-03          -312.603E+06        895.513E+06        963.726E-06  
              182.E-03          -316.995E+06        889.09E+06         853.719E-06  
              184.E-03          -311.433E+06        877.88E+06         744.994E-06  
              186.E-03          -293.74E+06         860.912E+06        637.652E-06  
              188.E-03          -262.577E+06        838.028E+06        531.824E-06  
              190.E-03          -218.279E+06        810.408E+06        427.675E-06  
              192.E-03          -163.808E+06        780.839E+06        325.327E-06  
              194.E-03          -105.571E+06        753.242E+06        224.751E-06  
              196.E-03           -53.4935E+06       731.185E+06        125.52E-06   
              198.E-03           -17.8305E+06       715.726E+06         26.7122E-06 
              200.E-03            -7.34872E+06      709.602E+06        -73.0639E-06 




