
                  X              s11_top_X          svm_top_X           u2_mid_X    

                0.                27.0864E+06         3.70649E+09       30.781E-03  
                2.E-03            55.4303E+06         3.65358E+09       30.4707E-03 
                4.E-03           121.484E+06          3.55166E+09       30.1621E-03 
                6.E-03           184.798E+06          3.45653E+09       29.8551E-03 
                8.E-03           245.982E+06          3.36739E+09       29.5494E-03 
               10.E-03           303.638E+06          3.28404E+09       29.245E-03  
               12.E-03           357.875E+06          3.20606E+09       28.9418E-03 
               14.E-03           408.773E+06          3.13304E+09       28.6396E-03 
               16.E-03           456.499E+06          3.06461E+09       28.3382E-03 
               18.E-03           501.219E+06          3.00042E+09       28.0377E-03 
               20.E-03           543.103E+06          2.94014E+09       27.738E-03  
               22.E-03           582.309E+06          2.88346E+09       27.4389E-03 
               24.E-03           618.989E+06          2.83011E+09       27.1403E-03 
               26.E-03           653.283E+06          2.77984E+09       26.8422E-03 
               28.E-03           685.32E+06           2.73239E+09       26.5445E-03 
               30.E-03           715.222E+06          2.68756E+09       26.2471E-03 
               32.E-03           743.099E+06          2.64515E+09       25.95E-03   
               34.E-03           769.056E+06          2.60497E+09       25.6531E-03 
               36.E-03           793.188E+06          2.56684E+09       25.3564E-03 
               38.E-03           815.585E+06          2.5306E+09        25.0598E-03 
               40.E-03           836.33E+06           2.49612E+09       24.7631E-03 
               42.E-03           855.499E+06          2.46326E+09       24.4665E-03 
               44.E-03           873.166E+06          2.43188E+09       24.1699E-03 
               46.E-03           889.396E+06          2.40188E+09       23.8731E-03 
               48.E-03           904.252E+06          2.37314E+09       23.5762E-03 
               50.E-03           917.794E+06          2.34557E+09       23.2791E-03 
               52.E-03           930.075E+06          2.31908E+09       22.9819E-03 
               54.E-03           941.148E+06          2.29359E+09       22.6843E-03 
               56.E-03           951.059E+06          2.269E+09         22.3866E-03 
               58.E-03           959.856E+06          2.24526E+09       22.0885E-03 
               60.E-03           967.578E+06          2.2223E+09        21.7901E-03 
               62.E-03           974.268E+06          2.20005E+09       21.4914E-03 
               64.E-03           979.961E+06          2.17845E+09       21.1923E-03 
               66.E-03           984.693E+06          2.15747E+09       20.8928E-03 
               68.E-03           988.498E+06          2.13703E+09       20.5929E-03 
               70.E-03           991.406E+06          2.11711E+09       20.2926E-03 
               72.E-03           993.448E+06          2.09766E+09       19.9919E-03 
               74.E-03           994.651E+06          2.07864E+09       19.6907E-03 
               76.E-03           995.04E+06           2.06001E+09       19.389E-03  
               78.E-03           994.642E+06          2.04175E+09       19.0869E-03 
               80.E-03           993.479E+06          2.02383E+09       18.7843E-03 
               82.E-03           991.574E+06          2.00621E+09       18.4813E-03 
               84.E-03           988.948E+06          1.98887E+09       18.1777E-03 
               86.E-03           985.622E+06          1.97179E+09       17.8736E-03 
               88.E-03           981.613E+06          1.95495E+09       17.569E-03  
               90.E-03           976.939E+06          1.93832E+09       17.264E-03  
               92.E-03           971.619E+06          1.9219E+09        16.9584E-03 
               94.E-03           965.667E+06          1.90566E+09       16.6523E-03 
               96.E-03           959.101E+06          1.88959E+09       16.3457E-03 
               98.E-03           951.933E+06          1.87368E+09       16.0386E-03 
              100.E-03           944.178E+06          1.85791E+09       15.731E-03  
              102.E-03           935.85E+06           1.84227E+09       15.4229E-03 
              104.E-03           926.96E+06           1.82676E+09       15.1143E-03 
              106.E-03           917.522E+06          1.81136E+09       14.8052E-03 
              108.E-03           907.546E+06          1.79608E+09       14.4957E-03 
              110.E-03           897.043E+06          1.78089E+09       14.1857E-03 
              112.E-03           886.025E+06          1.76581E+09       13.8752E-03 
              114.E-03           874.5E+06            1.75082E+09       13.5642E-03 
              116.E-03           862.478E+06          1.73591E+09       13.2528E-03 
              118.E-03           849.969E+06          1.7211E+09        12.941E-03  
              120.E-03           836.981E+06          1.70636E+09       12.6288E-03 
              122.E-03           823.522E+06          1.69172E+09       12.3161E-03 
              124.E-03           809.601E+06          1.67715E+09       12.0031E-03 
              126.E-03           795.225E+06          1.66267E+09       11.6896E-03 
              128.E-03           780.402E+06          1.64828E+09       11.3758E-03 
              130.E-03           765.137E+06          1.63397E+09       11.0617E-03 
              132.E-03           749.439E+06          1.61976E+09       10.7472E-03 
              134.E-03           733.313E+06          1.60563E+09       10.4324E-03 
              136.E-03           716.766E+06          1.5916E+09        10.1173E-03 
              138.E-03           699.803E+06          1.57768E+09        9.80193E-03
              140.E-03           682.43E+06           1.56386E+09        9.48629E-03
              142.E-03           664.654E+06          1.55016E+09        9.17039E-03
              144.E-03           646.478E+06          1.53657E+09        8.85428E-03
              146.E-03           627.908E+06          1.52311E+09        8.53796E-03
              148.E-03           608.949E+06          1.50979E+09        8.22146E-03
              150.E-03           589.605E+06          1.49661E+09        7.9048E-03 
              152.E-03           569.881E+06          1.48358E+09        7.588E-03  
              154.E-03           549.782E+06          1.47072E+09        7.27109E-03
              156.E-03           529.311E+06          1.45803E+09        6.95409E-03
              158.E-03           508.473E+06          1.44552E+09        6.63703E-03
              160.E-03           487.271E+06          1.43321E+09        6.31992E-03
              162.E-03           465.711E+06          1.42111E+09        6.0028E-03 
              164.E-03           443.795E+06          1.40923E+09        5.68569E-03
              166.E-03           421.528E+06          1.39759E+09        5.36861E-03
              168.E-03           398.912E+06          1.3862E+09         5.0516E-03 
              170.E-03           375.951E+06          1.37507E+09        4.73469E-03
              172.E-03           352.641E+06          1.36422E+09        4.41789E-03
              174.E-03           328.973E+06          1.35368E+09        4.10124E-03
              176.E-03           304.914E+06          1.34345E+09        3.78478E-03
              178.E-03           280.4E+06            1.33356E+09        3.46852E-03
              180.E-03           255.29E+06           1.32405E+09        3.15251E-03
              182.E-03           229.34E+06           1.31495E+09        2.83677E-03
              184.E-03           202.082E+06          1.30635E+09        2.52135E-03
              186.E-03           172.857E+06          1.29836E+09        2.2063E-03 
              188.E-03           140.696E+06          1.29116E+09        1.89163E-03
              190.E-03           104.986E+06          1.28495E+09        1.57741E-03
              192.E-03            66.4206E+06         1.27978E+09        1.26358E-03
              194.E-03            29.0395E+06         1.2751E+09       950.374E-06  
              196.E-03             1.33099E+06        1.26926E+09      636.793E-06  
              198.E-03            -9.4463E+06         1.26071E+09      325.153E-06  
              200.E-03            -5.45943E+06        1.25553E+09        3.76991E-30




