
                  X              s11_top_X          svm_top_X           u2_mid_X    

                0.                27.0983E+06         3.70719E+09       30.8629E-03 
                2.E-03            55.4158E+06         3.65417E+09       30.5523E-03 
                4.E-03           121.45E+06           3.55202E+09       30.2435E-03 
                6.E-03           184.739E+06          3.45666E+09       29.9362E-03 
                8.E-03           245.894E+06          3.36732E+09       29.6303E-03 
               10.E-03           303.518E+06          3.28378E+09       29.3256E-03 
               12.E-03           357.72E+06           3.2056E+09        29.0221E-03 
               14.E-03           408.581E+06          3.13241E+09       28.7197E-03 
               16.E-03           456.268E+06          3.06381E+09       28.4181E-03 
               18.E-03           500.948E+06          2.99945E+09       28.1174E-03 
               20.E-03           542.789E+06          2.93901E+09       27.8174E-03 
               22.E-03           581.951E+06          2.88218E+09       27.518E-03  
               24.E-03           618.586E+06          2.82868E+09       27.2192E-03 
               26.E-03           652.832E+06          2.77827E+09       26.9208E-03 
               28.E-03           684.821E+06          2.73069E+09       26.6229E-03 
               30.E-03           714.674E+06          2.68573E+09       26.3253E-03 
               32.E-03           742.501E+06          2.64319E+09       26.0279E-03 
               34.E-03           768.407E+06          2.60288E+09       25.7308E-03 
               36.E-03           792.487E+06          2.56464E+09       25.4338E-03 
               38.E-03           814.832E+06          2.52829E+09       25.1369E-03 
               40.E-03           835.524E+06          2.4937E+09        24.8401E-03 
               42.E-03           854.64E+06           2.46072E+09       24.5432E-03 
               44.E-03           872.253E+06          2.42924E+09       24.2463E-03 
               46.E-03           888.43E+06           2.39914E+09       23.9493E-03 
               48.E-03           903.233E+06          2.3703E+09        23.6521E-03 
               50.E-03           916.722E+06          2.34264E+09       23.3548E-03 
               52.E-03           928.95E+06           2.31606E+09       23.0573E-03 
               54.E-03           939.97E+06           2.29047E+09       22.7596E-03 
               56.E-03           949.83E+06           2.2658E+09        22.4615E-03 
               58.E-03           958.574E+06          2.24197E+09       22.1632E-03 
               60.E-03           966.246E+06          2.21892E+09       21.8646E-03 
               62.E-03           972.884E+06          2.19658E+09       21.5656E-03 
               64.E-03           978.528E+06          2.17491E+09       21.2663E-03 
               66.E-03           983.211E+06          2.15384E+09       20.9665E-03 
               68.E-03           986.968E+06          2.13333E+09       20.6664E-03 
               70.E-03           989.829E+06          2.11333E+09       20.3659E-03 
               72.E-03           991.824E+06          2.0938E+09        20.0649E-03 
               74.E-03           992.981E+06          2.0747E+09        19.7634E-03 
               76.E-03           993.327E+06          2.05601E+09       19.4615E-03 
               78.E-03           992.885E+06          2.03767E+09       19.1592E-03 
               80.E-03           991.681E+06          2.01968E+09       18.8563E-03 
               82.E-03           989.736E+06          2.00199E+09       18.553E-03  
               84.E-03           987.07E+06           1.98458E+09       18.2492E-03 
               86.E-03           983.706E+06          1.96743E+09       17.9448E-03 
               88.E-03           979.66E+06           1.95052E+09       17.64E-03   
               90.E-03           974.952E+06          1.93383E+09       17.3347E-03 
               92.E-03           969.598E+06          1.91734E+09       17.0288E-03 
               94.E-03           963.615E+06          1.90103E+09       16.7225E-03 
               96.E-03           957.018E+06          1.8849E+09        16.4156E-03 
               98.E-03           949.822E+06          1.86892E+09       16.1083E-03 
              100.E-03           942.04E+06           1.85309E+09       15.8004E-03 
              102.E-03           933.687E+06          1.83739E+09       15.492E-03  
              104.E-03           924.774E+06          1.82182E+09       15.1832E-03 
              106.E-03           915.314E+06          1.80636E+09       14.8739E-03 
              108.E-03           905.318E+06          1.79101E+09       14.564E-03  
              110.E-03           894.798E+06          1.77577E+09       14.2537E-03 
              112.E-03           883.763E+06          1.76062E+09       13.943E-03  
              114.E-03           872.224E+06          1.74557E+09       13.6318E-03 
              116.E-03           860.191E+06          1.73061E+09       13.3201E-03 
              118.E-03           847.672E+06          1.71574E+09       13.008E-03  
              120.E-03           834.676E+06          1.70095E+09       12.6955E-03 
              122.E-03           821.212E+06          1.68624E+09       12.3826E-03 
              124.E-03           807.287E+06          1.67162E+09       12.0693E-03 
              126.E-03           792.91E+06           1.65709E+09       11.7556E-03 
              128.E-03           778.087E+06          1.64264E+09       11.4415E-03 
              130.E-03           762.826E+06          1.62828E+09       11.1271E-03 
              132.E-03           747.134E+06          1.61401E+09       10.8123E-03 
              134.E-03           731.018E+06          1.59983E+09       10.4972E-03 
              136.E-03           714.483E+06          1.58575E+09       10.1819E-03 
              138.E-03           697.537E+06          1.57177E+09        9.86619E-03
              140.E-03           680.186E+06          1.5579E+09         9.55026E-03
              142.E-03           662.437E+06          1.54415E+09        9.23409E-03
              144.E-03           644.296E+06          1.53051E+09        8.91769E-03
              146.E-03           625.771E+06          1.51701E+09        8.60108E-03
              148.E-03           606.867E+06          1.50364E+09        8.2843E-03 
              150.E-03           587.591E+06          1.49042E+09        7.96735E-03
              152.E-03           567.949E+06          1.47735E+09        7.65026E-03
              154.E-03           547.947E+06          1.46444E+09        7.33306E-03
              156.E-03           527.587E+06          1.45171E+09        7.01577E-03
              158.E-03           506.868E+06          1.43917E+09        6.69841E-03
              160.E-03           485.783E+06          1.42683E+09        6.38101E-03
              162.E-03           464.316E+06          1.41469E+09        6.0636E-03 
              164.E-03           442.435E+06          1.40278E+09        5.74619E-03
              166.E-03           420.088E+06          1.3911E+09         5.42882E-03
              168.E-03           397.195E+06          1.37967E+09        5.11151E-03
              170.E-03           373.639E+06          1.36852E+09        4.79429E-03
              172.E-03           349.254E+06          1.35766E+09        4.47719E-03
              174.E-03           323.822E+06          1.34713E+09        4.16024E-03
              176.E-03           297.071E+06          1.33698E+09        3.84346E-03
              178.E-03           268.688E+06          1.32727E+09        3.52689E-03
              180.E-03           238.359E+06          1.3181E+09         3.21054E-03
              182.E-03           205.843E+06          1.30957E+09        2.89444E-03
              184.E-03           171.101E+06          1.30181E+09        2.57863E-03
              186.E-03           134.469E+06          1.29489E+09        2.2631E-03 
              188.E-03            96.8933E+06         1.28882E+09        1.9479E-03 
              190.E-03            60.1487E+06         1.28338E+09        1.63304E-03
              192.E-03            27.0216E+06         1.278E+09          1.31862E-03
              194.E-03             1.22809E+06        1.27177E+09        1.00481E-03
              196.E-03           -12.7222E+06         1.26352E+09      691.915E-06  
              198.E-03           -13.5115E+06         1.25298E+09      380.398E-06  
              200.E-03            -7.20083E+06        1.24714E+09       70.7782E-06 




