
                  X              s11_top_X          svm_top_X           u2_mid_X    

                0.                39.9818E+06        13.6961E+09       251.231E-03  
                2.E-03           113.524E+06         13.5008E+09       248.692E-03  
                4.E-03           350.091E+06         13.1243E+09       246.167E-03  
                6.E-03           585.003E+06         12.7718E+09       243.654E-03  
                8.E-03           819.782E+06         12.4406E+09       241.153E-03  
               10.E-03             1.04164E+09       12.1312E+09       238.662E-03  
               12.E-03             1.24994E+09       11.8422E+09       236.181E-03  
               14.E-03             1.44503E+09       11.5721E+09       233.708E-03  
               16.E-03             1.62774E+09       11.3194E+09       231.242E-03  
               18.E-03             1.79886E+09       11.0827E+09       228.783E-03  
               20.E-03             1.95908E+09       10.8607E+09       226.331E-03  
               22.E-03             2.10906E+09       10.6524E+09       223.883E-03  
               24.E-03             2.24938E+09       10.4566E+09       221.441E-03  
               26.E-03             2.38058E+09       10.2723E+09       219.002E-03  
               28.E-03             2.50316E+09       10.0986E+09       216.567E-03  
               30.E-03             2.61758E+09        9.9348E+09       214.134E-03  
               32.E-03             2.72427E+09        9.77997E+09      211.704E-03  
               34.E-03             2.82363E+09        9.63346E+09      209.275E-03  
               36.E-03             2.91602E+09        9.4946E+09       206.848E-03  
               38.E-03             3.00178E+09        9.36278E+09      204.422E-03  
               40.E-03             3.08123E+09        9.23744E+09      201.996E-03  
               42.E-03             3.15468E+09        9.11808E+09      199.571E-03  
               44.E-03             3.22238E+09        9.00419E+09      197.145E-03  
               46.E-03             3.2846E+09         8.89535E+09      194.718E-03  
               48.E-03             3.34159E+09        8.79115E+09      192.291E-03  
               50.E-03             3.39356E+09        8.69121E+09      189.862E-03  
               52.E-03             3.44072E+09        8.59519E+09      187.432E-03  
               54.E-03             3.48328E+09        8.50276E+09      185.E-03     
               56.E-03             3.52141E+09        8.41362E+09      182.566E-03  
               58.E-03             3.55529E+09        8.32751E+09      180.129E-03  
               60.E-03             3.58508E+09        8.24418E+09      177.69E-03   
               62.E-03             3.61093E+09        8.16339E+09      175.249E-03  
               64.E-03             3.63299E+09        8.08492E+09      172.805E-03  
               66.E-03             3.65139E+09        8.00858E+09      170.358E-03  
               68.E-03             3.66627E+09        7.93419E+09      167.907E-03  
               70.E-03             3.67773E+09        7.86158E+09      165.454E-03  
               72.E-03             3.68589E+09        7.7906E+09       162.997E-03  
               74.E-03             3.69087E+09        7.72109E+09      160.536E-03  
               76.E-03             3.69275E+09        7.65295E+09      158.072E-03  
               78.E-03             3.69164E+09        7.58603E+09      155.604E-03  
               80.E-03             3.68762E+09        7.52025E+09      153.133E-03  
               82.E-03             3.68079E+09        7.45548E+09      150.658E-03  
               84.E-03             3.67122E+09        7.39164E+09      148.179E-03  
               86.E-03             3.65898E+09        7.32865E+09      145.695E-03  
               88.E-03             3.64416E+09        7.26644E+09      143.208E-03  
               90.E-03             3.62682E+09        7.20492E+09      140.718E-03  
               92.E-03             3.60702E+09        7.14403E+09      138.223E-03  
               94.E-03             3.58483E+09        7.08373E+09      135.724E-03  
               96.E-03             3.56031E+09        7.02395E+09      133.221E-03  
               98.E-03             3.53351E+09        6.96466E+09      130.714E-03  
              100.E-03             3.50449E+09        6.9058E+09       128.203E-03  
              102.E-03             3.4733E+09         6.84735E+09      125.689E-03  
              104.E-03             3.43998E+09        6.78927E+09      123.17E-03   
              106.E-03             3.40459E+09        6.73153E+09      120.648E-03  
              108.E-03             3.36716E+09        6.67411E+09      118.122E-03  
              110.E-03             3.32774E+09        6.61699E+09      115.592E-03  
              112.E-03             3.28637E+09        6.56015E+09      113.059E-03  
              114.E-03             3.24309E+09        6.50358E+09      110.522E-03  
              116.E-03             3.19793E+09        6.44727E+09      107.982E-03  
              118.E-03             3.15093E+09        6.39122E+09      105.438E-03  
              120.E-03             3.10212E+09        6.33542E+09      102.891E-03  
              122.E-03             3.05153E+09        6.27986E+09      100.34E-03   
              124.E-03             2.9992E+09         6.22457E+09       97.787E-03  
              126.E-03             2.94516E+09        6.16953E+09       95.2307E-03 
              128.E-03             2.88942E+09        6.11476E+09       92.6715E-03 
              130.E-03             2.83203E+09        6.06026E+09       90.1095E-03 
              132.E-03             2.773E+09          6.00607E+09       87.545E-03  
              134.E-03             2.71236E+09        5.95218E+09       84.978E-03  
              136.E-03             2.65013E+09        5.89862E+09       82.4087E-03 
              138.E-03             2.58634E+09        5.84542E+09       79.8372E-03 
              140.E-03             2.52101E+09        5.79259E+09       77.2637E-03 
              142.E-03             2.45415E+09        5.74016E+09       74.6883E-03 
              144.E-03             2.3858E+09         5.68817E+09       72.1112E-03 
              146.E-03             2.31596E+09        5.63665E+09       69.5325E-03 
              148.E-03             2.24466E+09        5.58563E+09       66.9525E-03 
              150.E-03             2.17192E+09        5.53515E+09       64.3714E-03 
              152.E-03             2.09774E+09        5.48526E+09       61.7892E-03 
              154.E-03             2.02216E+09        5.43599E+09       59.2062E-03 
              156.E-03             1.94518E+09        5.38738E+09       56.6225E-03 
              158.E-03             1.86682E+09        5.3395E+09        54.0385E-03 
              160.E-03             1.7871E+09         5.29239E+09       51.4542E-03 
              162.E-03             1.70602E+09        5.24611E+09       48.8699E-03 
              164.E-03             1.62361E+09        5.20071E+09       46.2857E-03 
              166.E-03             1.53987E+09        5.15625E+09       43.702E-03  
              168.E-03             1.45482E+09        5.1128E+09        41.1188E-03 
              170.E-03             1.36848E+09        5.07041E+09       38.5366E-03 
              172.E-03             1.28088E+09        5.02916E+09       35.9553E-03 
              174.E-03             1.19206E+09        4.98911E+09       33.3754E-03 
              176.E-03             1.10206E+09        4.95034E+09       30.7971E-03 
              178.E-03             1.01092E+09        4.91293E+09       28.2204E-03 
              180.E-03           918.65E+06           4.87695E+09       25.6458E-03 
              182.E-03           825.012E+06          4.84251E+09       23.0735E-03 
              184.E-03           729.383E+06          4.80978E+09       20.5036E-03 
              186.E-03           629.965E+06          4.77904E+09       17.9365E-03 
              188.E-03           523.702E+06          4.75081E+09       15.3725E-03 
              190.E-03           405.725E+06          4.72587E+09       12.8117E-03 
              192.E-03           273.704E+06          4.70494E+09       10.2545E-03 
              194.E-03           134.509E+06          4.68749E+09        7.70079E-03
              196.E-03            16.3022E+06         4.66849E+09        5.15087E-03
              198.E-03           -47.4012E+06         4.64093E+09        2.60653E-03
              200.E-03           -35.6177E+06         4.62333E+09       70.51E-06   




