
                  X              s11_top_X          svm_top_X           u2_mid_X    

                0.                76.3218E+06         4.39686E+09       29.8575E-03 
                2.5E-03          187.729E+06          4.22176E+09       29.6251E-03 
                5.E-03           369.98E+06           3.95719E+09       29.3953E-03 
                7.5E-03          531.898E+06          3.73179E+09       29.1676E-03 
               10.E-03           675.109E+06          3.53931E+09       28.9415E-03 
               12.5E-03          798.889E+06          3.37853E+09       28.7167E-03 
               15.E-03           908.396E+06          3.2401E+09        28.4926E-03 
               17.5E-03            1.00546E+09        3.12056E+09       28.2689E-03 
               20.E-03             1.09163E+09        3.01702E+09       28.0452E-03 
               22.5E-03            1.16684E+09        2.92895E+09       27.8214E-03 
               25.E-03             1.23391E+09        2.85187E+09       27.5971E-03 
               27.5E-03            1.29376E+09        2.78414E+09       27.3722E-03 
               30.E-03             1.34718E+09        2.72438E+09       27.1464E-03 
               32.5E-03            1.39399E+09        2.67237E+09       26.9195E-03 
               35.E-03             1.43578E+09        2.62591E+09       26.6914E-03 
               37.5E-03            1.47304E+09        2.58418E+09       26.4621E-03 
               40.E-03             1.50621E+09        2.5465E+09        26.2313E-03 
               42.5E-03            1.53509E+09        2.51278E+09       25.9987E-03 
               45.E-03             1.56065E+09        2.48189E+09       25.7645E-03 
               47.5E-03            1.58318E+09        2.45344E+09       25.5286E-03 
               50.E-03             1.60292E+09        2.42707E+09       25.2909E-03 
               52.5E-03            1.61969E+09        2.40273E+09       25.051E-03  
               55.E-03             1.63415E+09        2.37984E+09       24.8092E-03 
               57.5E-03            1.64644E+09        2.3582E+09        24.5654E-03 
               60.E-03             1.65674E+09        2.33762E+09       24.3195E-03 
               62.5E-03            1.66488E+09        2.31806E+09       24.0712E-03 
               65.E-03             1.6713E+09         2.29923E+09       23.8208E-03 
               67.5E-03            1.67611E+09        2.281E+09         23.5682E-03 
               70.E-03             1.67941E+09        2.26329E+09       23.3134E-03 
               72.5E-03            1.68106E+09        2.24607E+09       23.0561E-03 
               75.E-03             1.68139E+09        2.22917E+09       22.7965E-03 
               77.5E-03            1.68047E+09        2.21254E+09       22.5347E-03 
               80.E-03             1.67835E+09        2.19612E+09       22.2706E-03 
               82.5E-03            1.67492E+09        2.17988E+09       22.0038E-03 
               85.E-03             1.67043E+09        2.16376E+09       21.7348E-03 
               87.5E-03            1.66493E+09        2.14771E+09       21.4635E-03 
               90.E-03             1.65845E+09        2.1317E+09        21.1898E-03 
               92.5E-03            1.65089E+09        2.1157E+09        20.9136E-03 
               95.E-03             1.64244E+09        2.09969E+09       20.635E-03  
               97.5E-03            1.63315E+09        2.08365E+09       20.3542E-03 
              100.E-03             1.62303E+09        2.06756E+09       20.0711E-03 
              102.5E-03            1.61199E+09        2.0514E+09        19.7853E-03 
              105.E-03             1.6002E+09         2.03515E+09       19.4973E-03 
              107.5E-03            1.58767E+09        2.01881E+09       19.2071E-03 
              110.E-03             1.57442E+09        2.00237E+09       18.9147E-03 
              112.5E-03            1.56038E+09        1.9858E+09        18.6197E-03 
              115.E-03             1.54566E+09        1.96912E+09       18.3226E-03 
              117.5E-03            1.5303E+09         1.95232E+09       18.0233E-03 
              120.E-03             1.5143E+09         1.93539E+09       17.7219E-03 
              122.5E-03            1.49759E+09        1.91832E+09       17.418E-03  
              125.E-03             1.48028E+09        1.90113E+09       17.1121E-03 
              127.5E-03            1.46237E+09        1.88381E+09       16.8041E-03 
              130.E-03             1.4439E+09         1.86635E+09       16.4941E-03 
              132.5E-03            1.42477E+09        1.84876E+09       16.1818E-03 
              135.E-03             1.40509E+09        1.83104E+09       15.8675E-03 
              137.5E-03            1.38487E+09        1.8132E+09        15.5513E-03 
              140.E-03             1.36413E+09        1.79524E+09       15.2333E-03 
              142.5E-03            1.34277E+09        1.77715E+09       14.9131E-03 
              145.E-03             1.32091E+09        1.75896E+09       14.5911E-03 
              147.5E-03            1.29854E+09        1.74067E+09       14.2674E-03 
              150.E-03             1.27568E+09        1.72228E+09       13.9419E-03 
              152.5E-03            1.25225E+09        1.70378E+09       13.6144E-03 
              155.E-03             1.22834E+09        1.68521E+09       13.2854E-03 
              157.5E-03            1.20396E+09        1.66658E+09       12.9547E-03 
              160.E-03             1.1791E+09         1.64788E+09       12.6225E-03 
              162.5E-03            1.15371E+09        1.62912E+09       12.2885E-03 
              165.E-03             1.12786E+09        1.61032E+09       11.9531E-03 
              167.5E-03            1.10156E+09        1.5915E+09        11.6163E-03 
              170.E-03             1.07482E+09        1.57267E+09       11.2781E-03 
              172.5E-03            1.04755E+09        1.55383E+09       10.9384E-03 
              175.E-03             1.01985E+09        1.53502E+09       10.5975E-03 
              177.5E-03          991.714E+06          1.51624E+09       10.2554E-03 
              180.E-03           963.149E+06          1.4975E+09         9.91207E-03
              182.5E-03          934.086E+06          1.47885E+09        9.5675E-03 
              185.E-03           904.602E+06          1.46029E+09        9.22191E-03
              187.5E-03          874.701E+06          1.44184E+09        8.87533E-03
              190.E-03           844.387E+06          1.42352E+09        8.52784E-03
              192.5E-03          813.597E+06          1.40539E+09        8.17933E-03
              195.E-03           782.406E+06          1.38744E+09        7.83003E-03
              197.5E-03          750.819E+06          1.3697E+09         7.47998E-03
              200.E-03           718.842E+06          1.35221E+09        7.12925E-03
              202.5E-03          686.418E+06          1.33502E+09        6.7778E-03 
              205.E-03           653.612E+06          1.31814E+09        6.42579E-03
              207.5E-03          620.423E+06          1.3016E+09         6.07329E-03
              210.E-03           586.835E+06          1.28542E+09        5.72036E-03
              212.5E-03          552.735E+06          1.26971E+09        5.36701E-03
              215.E-03           518.114E+06          1.25443E+09        5.01337E-03
              217.5E-03          482.845E+06          1.23961E+09        4.6595E-03 
              220.E-03           446.728E+06          1.22529E+09        4.30547E-03
              222.5E-03          409.211E+06          1.21162E+09        3.95133E-03
              225.E-03           369.994E+06          1.19856E+09        3.59717E-03
              227.5E-03          328.52E+06           1.18624E+09        3.24306E-03
              230.E-03           284.184E+06          1.17482E+09        2.88906E-03
              232.5E-03          235.898E+06          1.16478E+09        2.53526E-03
              235.E-03           184.292E+06          1.15625E+09        2.18168E-03
              237.5E-03          130.504E+06          1.14943E+09        1.82839E-03
              240.E-03            77.2451E+06         1.14418E+09        1.47543E-03
              242.5E-03           31.2987E+06         1.13949E+09        1.12309E-03
              245.E-03          -108.184E+03          1.13308E+09      771.717E-06  
              247.5E-03          -11.0414E+06         1.12322E+09      422.032E-06  
              250.E-03            -6.32096E+06        1.1159E+09        74.9905E-06 




