
                  X               u2_mid_X    

                0.              -359.415E-36  
               20.E-03             5.10206E-06
               40.E-03            19.303E-06  
               60.E-03            41.1469E-06 
               80.E-03            69.8718E-06 
              100.E-03           104.677E-06  
              120.E-03           144.76E-06   
              140.E-03           189.319E-06  
              160.E-03           237.552E-06  
              180.E-03           288.657E-06  
              200.E-03           341.833E-06  
              220.E-03           396.279E-06  
              240.E-03           451.192E-06  
              260.E-03           505.772E-06  
              280.E-03           559.216E-06  
              300.E-03           610.724E-06  
              320.E-03           659.494E-06  
              340.E-03           704.724E-06  
              360.E-03           745.614E-06  
              380.E-03           781.361E-06  
              400.E-03           811.164E-06  
              420.E-03           834.221E-06  
              440.E-03           849.732E-06  
              460.E-03           856.893E-06  
              480.E-03           854.905E-06  
              500.E-03           842.966E-06  
              520.E-03           820.273E-06  
              540.E-03           786.025E-06  
              560.E-03           739.42E-06   
              580.E-03           679.658E-06  
              600.E-03           605.936E-06  
              620.E-03           517.452E-06  
              640.E-03           413.405E-06  
              660.E-03           292.993E-06  
              680.E-03           155.415E-06  
              700.E-03          -131.062E-09  
              720.E-03          -174.448E-06  
              740.E-03          -368.335E-06  
              760.E-03          -582.595E-06  
              780.E-03          -818.03E-06   
              800.E-03            -1.07544E-03
              820.E-03            -1.35565E-03
              840.E-03            -1.65944E-03
              860.E-03            -1.98757E-03
              880.E-03            -2.34079E-03
              900.E-03            -2.71982E-03
              920.E-03            -3.12536E-03
              940.E-03            -3.55806E-03
              960.E-03            -4.01855E-03
              980.E-03            -4.50742E-03
                1.                -5.02519E-03
                1.02              -5.57233E-03
                1.04              -6.14928E-03
                1.06              -6.75637E-03
                1.08              -7.3939E-03 
                1.1               -8.06205E-03
                1.12              -8.76095E-03
                1.14              -9.49063E-03
                1.16             -10.251E-03  
                1.18             -11.042E-03  
                1.2              -11.8632E-03 
                1.22             -12.7142E-03 
                1.24             -13.5939E-03 
                1.26             -14.5017E-03 
                1.28             -15.4367E-03 
                1.3              -16.3982E-03 
                1.32             -17.3856E-03 
                1.34             -18.398E-03  
                1.36             -19.4347E-03 
                1.38             -20.495E-03  
                1.4              -21.5781E-03 
                1.42             -22.6833E-03 
                1.44             -23.8099E-03 
                1.46             -24.9571E-03 
                1.48             -26.1241E-03 
                1.5              -27.3103E-03 
                1.52             -28.5149E-03 
                1.54             -29.7371E-03 
                1.56             -30.9763E-03 
                1.58             -32.2317E-03 
                1.6              -33.5025E-03 
                1.62             -34.788E-03  
                1.64             -36.0875E-03 
                1.66             -37.4002E-03 
                1.68             -38.7255E-03 
                1.7              -40.0625E-03 
                1.72             -41.4105E-03 
                1.74             -42.7688E-03 
                1.76             -44.1367E-03 
                1.78             -45.5133E-03 
                1.8              -46.8981E-03 
                1.82             -48.2903E-03 
                1.84             -49.689E-03  
                1.86             -51.0936E-03 
                1.88             -52.5034E-03 
                1.9              -53.9175E-03 
                1.92             -55.3354E-03 
                1.94             -56.7562E-03 
                1.96             -58.1792E-03 
                1.98             -59.6037E-03 
                2.               -61.0287E-03 




