
                  X               u2_mid_X    

                0.               314.452E-36  
               20.E-03            -4.88695E-06
               40.E-03           -18.3243E-06 
               60.E-03           -38.8892E-06 
               80.E-03           -65.8143E-06 
              100.E-03           -98.2962E-06 
              120.E-03          -135.53E-06   
              140.E-03          -176.71E-06   
              160.E-03          -221.032E-06  
              180.E-03          -267.693E-06  
              200.E-03          -315.886E-06  
              220.E-03          -364.809E-06  
              240.E-03          -413.655E-06  
              260.E-03          -461.622E-06  
              280.E-03          -507.905E-06  
              300.E-03          -551.699E-06  
              320.E-03          -592.199E-06  
              340.E-03          -628.603E-06  
              360.E-03          -660.104E-06  
              380.E-03          -685.9E-06    
              400.E-03          -705.186E-06  
              420.E-03          -717.157E-06  
              440.E-03          -721.011E-06  
              460.E-03          -715.941E-06  
              480.E-03          -701.146E-06  
              500.E-03          -675.82E-06   
              520.E-03          -639.161E-06  
              540.E-03          -590.363E-06  
              560.E-03          -528.625E-06  
              580.E-03          -453.142E-06  
              600.E-03          -363.11E-06   
              620.E-03          -257.728E-06  
              640.E-03          -136.191E-06  
              660.E-03             2.30383E-06
              680.E-03           158.558E-06  
              700.E-03           333.374E-06  
              720.E-03           527.556E-06  
              740.E-03           741.904E-06  
              760.E-03           977.221E-06  
              780.E-03             1.23431E-03
              800.E-03             1.51397E-03
              820.E-03             1.81703E-03
              840.E-03             2.14426E-03
              860.E-03             2.49642E-03
              880.E-03             2.87424E-03
              900.E-03             3.27842E-03
              920.E-03             3.70963E-03
              940.E-03             4.1685E-03 
              960.E-03             4.65563E-03
              980.E-03             5.17155E-03
                1.                 5.71676E-03
                1.02               6.2917E-03 
                1.04               6.89673E-03
                1.06               7.53217E-03
                1.08               8.19826E-03
                1.1                8.89513E-03
                1.12               9.62288E-03
                1.14              10.3815E-03 
                1.16              11.1708E-03 
                1.18              11.9907E-03 
                1.2               12.8409E-03 
                1.22              13.7207E-03 
                1.24              14.6293E-03 
                1.26              15.5659E-03 
                1.28              16.5298E-03 
                1.3               17.5202E-03 
                1.32              18.5364E-03 
                1.34              19.5777E-03 
                1.36              20.6432E-03 
                1.38              21.7323E-03 
                1.4               22.8443E-03 
                1.42              23.9783E-03 
                1.44              25.1337E-03 
                1.46              26.3097E-03 
                1.48              27.5056E-03 
                1.5               28.7206E-03 
                1.52              29.954E-03  
                1.54              31.205E-03  
                1.56              32.473E-03  
                1.58              33.7572E-03 
                1.6               35.0568E-03 
                1.62              36.3711E-03 
                1.64              37.6994E-03 
                1.66              39.0409E-03 
                1.68              40.3949E-03 
                1.7               41.7607E-03 
                1.72              43.1375E-03 
                1.74              44.5246E-03 
                1.76              45.9212E-03 
                1.78              47.3267E-03 
                1.8               48.7403E-03 
                1.82              50.1612E-03 
                1.84              51.5887E-03 
                1.86              53.0221E-03 
                1.88              54.4606E-03 
                1.9               55.9035E-03 
                1.92              57.3502E-03 
                1.94              58.7997E-03 
                1.96              60.2515E-03 
                1.98              61.7047E-03 
                2.                63.1585E-03 




