
                  X           s11_bottom_X_03m

                0.               -33.6267E+06 
              500.E-06           -27.3155E+06 
                1.E-03           -22.1466E+06 
                1.5E-03          -20.2008E+06 
                2.E-03           -19.3161E+06 
                2.5E-03          -18.7868E+06 
                3.E-03           -18.4442E+06 
                3.5E-03          -18.2082E+06 
                4.E-03           -18.0403E+06 
                4.5E-03          -17.9181E+06 
                5.E-03           -17.8277E+06 
                5.5E-03          -17.7601E+06 
                6.E-03           -17.7091E+06 
                6.5E-03          -17.6703E+06 
                7.E-03           -17.6406E+06 
                7.5E-03          -17.6176E+06 
                8.E-03           -17.5996E+06 
                8.5E-03          -17.5853E+06 
                9.E-03           -17.5736E+06 
                9.5E-03          -17.5637E+06 
               10.E-03           -17.5552E+06 
               10.5E-03          -17.5474E+06 
               11.E-03           -17.54E+06   
               11.5E-03          -17.5326E+06 
               12.E-03           -17.5252E+06 
               12.5E-03          -17.5174E+06 
               13.E-03           -17.5092E+06 
               13.5E-03          -17.5004E+06 
               14.E-03           -17.4909E+06 
               14.5E-03          -17.4807E+06 
               15.E-03           -17.4698E+06 
               15.5E-03          -17.4581E+06 
               16.E-03           -17.4456E+06 
               16.5E-03          -17.4323E+06 
               17.E-03           -17.4181E+06 
               17.5E-03          -17.4032E+06 
               18.E-03           -17.3875E+06 
               18.5E-03          -17.371E+06  
               19.E-03           -17.3537E+06 
               19.5E-03          -17.3357E+06 
               20.E-03           -17.3169E+06 
               20.5E-03          -17.2975E+06 
               21.E-03           -17.2774E+06 
               21.5E-03          -17.2566E+06 
               22.E-03           -17.2353E+06 
               22.5E-03          -17.2133E+06 
               23.E-03           -17.1907E+06 
               23.5E-03          -17.1677E+06 
               24.E-03           -17.144E+06  
               24.5E-03          -17.1199E+06 
               25.E-03           -17.0954E+06 
               25.5E-03          -17.0703E+06 
               26.E-03           -17.0449E+06 
               26.5E-03          -17.019E+06  
               27.E-03           -16.9928E+06 
               27.5E-03          -16.9662E+06 
               28.E-03           -16.9393E+06 
               28.5E-03          -16.912E+06  
               29.E-03           -16.8844E+06 
               29.5E-03          -16.8566E+06 
               30.E-03           -16.8285E+06 
               30.5E-03          -16.8001E+06 
               31.E-03           -16.7715E+06 
               31.5E-03          -16.7426E+06 
               32.E-03           -16.7136E+06 
               32.5E-03          -16.6843E+06 
               33.E-03           -16.6549E+06 
               33.5E-03          -16.6253E+06 
               34.E-03           -16.5955E+06 
               34.5E-03          -16.5656E+06 
               35.E-03           -16.5356E+06 
               35.5E-03          -16.5054E+06 
               36.E-03           -16.4751E+06 
               36.5E-03          -16.4447E+06 
               37.E-03           -16.4141E+06 
               37.5E-03          -16.3835E+06 
               38.E-03           -16.3528E+06 
               38.5E-03          -16.322E+06  
               39.E-03           -16.2911E+06 
               39.5E-03          -16.2601E+06 
               40.E-03           -16.2291E+06 
               40.5E-03          -16.198E+06  
               41.E-03           -16.1668E+06 
               41.5E-03          -16.1356E+06 
               42.E-03           -16.1044E+06 
               42.5E-03          -16.0731E+06 
               43.E-03           -16.0418E+06 
               43.5E-03          -16.0104E+06 
               44.E-03           -15.979E+06  
               44.5E-03          -15.9475E+06 
               45.E-03           -15.916E+06  
               45.5E-03          -15.8845E+06 
               46.E-03           -15.853E+06  
               46.5E-03          -15.8215E+06 
               47.E-03           -15.7899E+06 
               47.5E-03          -15.7583E+06 
               48.E-03           -15.7267E+06 
               48.5E-03          -15.6951E+06 
               49.E-03           -15.6634E+06 
               49.5E-03          -15.6318E+06 
               50.E-03           -15.6001E+06 
               50.5E-03          -15.5685E+06 
               51.E-03           -15.5368E+06 
               51.5E-03          -15.5051E+06 
               52.E-03           -15.4734E+06 
               52.5E-03          -15.4417E+06 
               53.E-03           -15.41E+06   
               53.5E-03          -15.3783E+06 
               54.E-03           -15.3466E+06 
               54.5E-03          -15.3148E+06 
               55.E-03           -15.2831E+06 
               55.5E-03          -15.2514E+06 
               56.E-03           -15.2197E+06 
               56.5E-03          -15.188E+06  
               57.E-03           -15.1562E+06 
               57.5E-03          -15.1245E+06 
               58.E-03           -15.0928E+06 
               58.5E-03          -15.061E+06  
               59.E-03           -15.0293E+06 
               59.5E-03          -14.9976E+06 
               60.E-03           -14.9659E+06 
               60.5E-03          -14.9341E+06 
               61.E-03           -14.9024E+06 
               61.5E-03          -14.8707E+06 
               62.E-03           -14.839E+06  
               62.5E-03          -14.8072E+06 
               63.E-03           -14.7755E+06 
               63.5E-03          -14.7438E+06 
               64.E-03           -14.7121E+06 
               64.5E-03          -14.6804E+06 
               65.E-03           -14.6487E+06 
               65.5E-03          -14.6169E+06 
               66.E-03           -14.5852E+06 
               66.5E-03          -14.5535E+06 
               67.E-03           -14.5218E+06 
               67.5E-03          -14.4901E+06 
               68.E-03           -14.4584E+06 
               68.5E-03          -14.4267E+06 
               69.E-03           -14.395E+06  
               69.5E-03          -14.3633E+06 
               70.E-03           -14.3316E+06 
               70.5E-03          -14.3E+06    
               71.E-03           -14.2683E+06 
               71.5E-03          -14.2366E+06 
               72.E-03           -14.2049E+06 
               72.5E-03          -14.1732E+06 
               73.E-03           -14.1415E+06 
               73.5E-03          -14.1099E+06 
               74.E-03           -14.0782E+06 
               74.5E-03          -14.0465E+06 
               75.E-03           -14.0149E+06 
               75.5E-03          -13.9832E+06 
               76.E-03           -13.9515E+06 
               76.5E-03          -13.9199E+06 
               77.E-03           -13.8882E+06 
               77.5E-03          -13.8566E+06 
               78.E-03           -13.8249E+06 
               78.5E-03          -13.7933E+06 
               79.E-03           -13.7616E+06 
               79.5E-03          -13.73E+06   
               80.E-03           -13.6983E+06 
               80.5E-03          -13.6667E+06 
               81.E-03           -13.6351E+06 
               81.5E-03          -13.6034E+06 
               82.E-03           -13.5718E+06 
               82.5E-03          -13.5402E+06 
               83.E-03           -13.5085E+06 
               83.5E-03          -13.4769E+06 
               84.E-03           -13.4453E+06 
               84.5E-03          -13.4137E+06 
               85.E-03           -13.382E+06  
               85.5E-03          -13.3504E+06 
               86.E-03           -13.3188E+06 
               86.5E-03          -13.2872E+06 
               87.E-03           -13.2556E+06 
               87.5E-03          -13.224E+06  
               88.E-03           -13.1924E+06 
               88.5E-03          -13.1608E+06 
               89.E-03           -13.1292E+06 
               89.5E-03          -13.0976E+06 
               90.E-03           -13.066E+06  
               90.5E-03          -13.0344E+06 
               91.E-03           -13.0028E+06 
               91.5E-03          -12.9712E+06 
               92.E-03           -12.9396E+06 
               92.5E-03          -12.908E+06  
               93.E-03           -12.8765E+06 
               93.5E-03          -12.8449E+06 
               94.E-03           -12.8133E+06 
               94.5E-03          -12.7817E+06 
               95.E-03           -12.7502E+06 
               95.5E-03          -12.7186E+06 
               96.E-03           -12.687E+06  
               96.5E-03          -12.6554E+06 
               97.E-03           -12.6239E+06 
               97.5E-03          -12.5923E+06 
               98.E-03           -12.5608E+06 
               98.5E-03          -12.5292E+06 
               99.E-03           -12.4977E+06 
               99.5E-03          -12.4661E+06 
              100.E-03           -12.4346E+06 
              100.5E-03          -12.403E+06  
              101.E-03           -12.3715E+06 
              101.5E-03          -12.3399E+06 
              102.E-03           -12.3084E+06 
              102.5E-03          -12.2768E+06 
              103.E-03           -12.2453E+06 
              103.5E-03          -12.2138E+06 
              104.E-03           -12.1822E+06 
              104.5E-03          -12.1507E+06 
              105.E-03           -12.1192E+06 
              105.5E-03          -12.0877E+06 
              106.E-03           -12.0561E+06 
              106.5E-03          -12.0246E+06 
              107.E-03           -11.9931E+06 
              107.5E-03          -11.9616E+06 
              108.E-03           -11.9301E+06 
              108.5E-03          -11.8986E+06 
              109.E-03           -11.8671E+06 
              109.5E-03          -11.8356E+06 
              110.E-03           -11.8041E+06 
              110.5E-03          -11.7726E+06 
              111.E-03           -11.7411E+06 
              111.5E-03          -11.7096E+06 
              112.E-03           -11.6781E+06 
              112.5E-03          -11.6466E+06 
              113.E-03           -11.6151E+06 
              113.5E-03          -11.5836E+06 
              114.E-03           -11.5521E+06 
              114.5E-03          -11.5206E+06 
              115.E-03           -11.4892E+06 
              115.5E-03          -11.4577E+06 
              116.E-03           -11.4262E+06 
              116.5E-03          -11.3947E+06 
              117.E-03           -11.3633E+06 
              117.5E-03          -11.3318E+06 
              118.E-03           -11.3003E+06 
              118.5E-03          -11.2689E+06 
              119.E-03           -11.2374E+06 
              119.5E-03          -11.2059E+06 
              120.E-03           -11.1745E+06 
              120.5E-03          -11.143E+06  
              121.E-03           -11.1116E+06 
              121.5E-03          -11.0801E+06 
              122.E-03           -11.0487E+06 
              122.5E-03          -11.0172E+06 
              123.E-03           -10.9858E+06 
              123.5E-03          -10.9543E+06 
              124.E-03           -10.9229E+06 
              124.5E-03          -10.8915E+06 
              125.E-03           -10.86E+06   
              125.5E-03          -10.8286E+06 
              126.E-03           -10.7972E+06 
              126.5E-03          -10.7657E+06 
              127.E-03           -10.7343E+06 
              127.5E-03          -10.7029E+06 
              128.E-03           -10.6715E+06 
              128.5E-03          -10.6401E+06 
              129.E-03           -10.6086E+06 
              129.5E-03          -10.5772E+06 
              130.E-03           -10.5458E+06 
              130.5E-03          -10.5144E+06 
              131.E-03           -10.483E+06  
              131.5E-03          -10.4516E+06 
              132.E-03           -10.4202E+06 
              132.5E-03          -10.3888E+06 
              133.E-03           -10.3574E+06 
              133.5E-03          -10.326E+06  
              134.E-03           -10.2946E+06 
              134.5E-03          -10.2632E+06 
              135.E-03           -10.2318E+06 
              135.5E-03          -10.2004E+06 
              136.E-03           -10.1691E+06 
              136.5E-03          -10.1377E+06 
              137.E-03           -10.1063E+06 
              137.5E-03          -10.0749E+06 
              138.E-03           -10.0436E+06 
              138.5E-03          -10.0122E+06 
              139.E-03            -9.98081E+06
              139.5E-03           -9.94944E+06
              140.E-03            -9.91808E+06
              140.5E-03           -9.88672E+06
              141.E-03            -9.85536E+06
              141.5E-03           -9.824E+06  
              142.E-03            -9.79264E+06
              142.5E-03           -9.76129E+06
              143.E-03            -9.72994E+06
              143.5E-03           -9.69859E+06
              144.E-03            -9.66724E+06
              144.5E-03           -9.6359E+06 
              145.E-03            -9.60455E+06
              145.5E-03           -9.57321E+06
              146.E-03            -9.54188E+06
              146.5E-03           -9.51054E+06
              147.E-03            -9.47921E+06
              147.5E-03           -9.44788E+06
              148.E-03            -9.41655E+06
              148.5E-03           -9.38522E+06
              149.E-03            -9.3539E+06 
              149.5E-03           -9.32258E+06
              150.E-03            -9.29126E+06
              150.5E-03           -9.25994E+06
              151.E-03            -9.22863E+06
              151.5E-03           -9.19731E+06
              152.E-03            -9.166E+06  
              152.5E-03           -9.1347E+06 
              153.E-03            -9.10339E+06
              153.5E-03           -9.07209E+06
              154.E-03            -9.04079E+06
              154.5E-03           -9.00949E+06
              155.E-03            -8.97819E+06
              155.5E-03           -8.9469E+06 
              156.E-03            -8.91561E+06
              156.5E-03           -8.88432E+06
              157.E-03            -8.85303E+06
              157.5E-03           -8.82175E+06
              158.E-03            -8.79046E+06
              158.5E-03           -8.75918E+06
              159.E-03            -8.7279E+06 
              159.5E-03           -8.69663E+06
              160.E-03            -8.66536E+06
              160.5E-03           -8.63408E+06
              161.E-03            -8.60282E+06
              161.5E-03           -8.57155E+06
              162.E-03            -8.54029E+06
              162.5E-03           -8.50903E+06
              163.E-03            -8.47776E+06
              163.5E-03           -8.44651E+06
              164.E-03            -8.41525E+06
              164.5E-03           -8.384E+06  
              165.E-03            -8.35275E+06
              165.5E-03           -8.3215E+06 
              166.E-03            -8.29026E+06
              166.5E-03           -8.25901E+06
              167.E-03            -8.22777E+06
              167.5E-03           -8.19653E+06
              168.E-03            -8.16529E+06
              168.5E-03           -8.13406E+06
              169.E-03            -8.10283E+06
              169.5E-03           -8.0716E+06 
              170.E-03            -8.04037E+06
              170.5E-03           -8.00915E+06
              171.E-03            -7.97792E+06
              171.5E-03           -7.9467E+06 
              172.E-03            -7.91549E+06
              172.5E-03           -7.88427E+06
              173.E-03            -7.85306E+06
              173.5E-03           -7.82185E+06
              174.E-03            -7.79064E+06
              174.5E-03           -7.75943E+06
              175.E-03            -7.72823E+06
              175.5E-03           -7.69702E+06
              176.E-03            -7.66582E+06
              176.5E-03           -7.63463E+06
              177.E-03            -7.60343E+06
              177.5E-03           -7.57224E+06
              178.E-03            -7.54105E+06
              178.5E-03           -7.50986E+06
              179.E-03            -7.47867E+06
              179.5E-03           -7.44749E+06
              180.E-03            -7.41631E+06
              180.5E-03           -7.38513E+06
              181.E-03            -7.35395E+06
              181.5E-03           -7.32278E+06
              182.E-03            -7.2916E+06 
              182.5E-03           -7.26044E+06
              183.E-03            -7.22927E+06
              183.5E-03           -7.1981E+06 
              184.E-03            -7.16694E+06
              184.5E-03           -7.13578E+06
              185.E-03            -7.10462E+06
              185.5E-03           -7.07346E+06
              186.E-03            -7.04231E+06
              186.5E-03           -7.01116E+06
              187.E-03            -6.98001E+06
              187.5E-03           -6.94886E+06
              188.E-03            -6.91772E+06
              188.5E-03           -6.88658E+06
              189.E-03            -6.85544E+06
              189.5E-03           -6.8243E+06 
              190.E-03            -6.79316E+06
              190.5E-03           -6.76203E+06
              191.E-03            -6.7309E+06 
              191.5E-03           -6.69977E+06
              192.E-03            -6.66864E+06
              192.5E-03           -6.63752E+06
              193.E-03            -6.6064E+06 
              193.5E-03           -6.57528E+06
              194.E-03            -6.54416E+06
              194.5E-03           -6.51305E+06
              195.E-03            -6.48194E+06
              195.5E-03           -6.45083E+06
              196.E-03            -6.41972E+06
              196.5E-03           -6.38861E+06
              197.E-03            -6.35751E+06
              197.5E-03           -6.32641E+06
              198.E-03            -6.29531E+06
              198.5E-03           -6.26421E+06
              199.E-03            -6.23312E+06
              199.5E-03           -6.20203E+06
              200.E-03            -6.17094E+06
              200.5E-03           -6.13985E+06
              201.E-03            -6.10877E+06
              201.5E-03           -6.07768E+06
              202.E-03            -6.0466E+06 
              202.5E-03           -6.01552E+06
              203.E-03            -5.98445E+06
              203.5E-03           -5.95337E+06
              204.E-03            -5.9223E+06 
              204.5E-03           -5.89123E+06
              205.E-03            -5.86017E+06
              205.5E-03           -5.8291E+06 
              206.E-03            -5.79804E+06
              206.5E-03           -5.76698E+06
              207.E-03            -5.73592E+06
              207.5E-03           -5.70487E+06
              208.E-03            -5.67382E+06
              208.5E-03           -5.64277E+06
              209.E-03            -5.61172E+06
              209.5E-03           -5.58067E+06
              210.E-03            -5.54963E+06
              210.5E-03           -5.51859E+06
              211.E-03            -5.48755E+06
              211.5E-03           -5.45651E+06
              212.E-03            -5.42548E+06
              212.5E-03           -5.39444E+06
              213.E-03            -5.36342E+06
              213.5E-03           -5.33239E+06
              214.E-03            -5.30136E+06
              214.5E-03           -5.27034E+06
              215.E-03            -5.23932E+06
              215.5E-03           -5.2083E+06 
              216.E-03            -5.17728E+06
              216.5E-03           -5.14627E+06
              217.E-03            -5.11526E+06
              217.5E-03           -5.08425E+06
              218.E-03            -5.05324E+06
              218.5E-03           -5.02224E+06
              219.E-03            -4.99123E+06
              219.5E-03           -4.96023E+06
              220.E-03            -4.92923E+06
              220.5E-03           -4.89824E+06
              221.E-03            -4.86725E+06
              221.5E-03           -4.83625E+06
              222.E-03            -4.80526E+06
              222.5E-03           -4.77428E+06
              223.E-03            -4.74329E+06
              223.5E-03           -4.71231E+06
              224.E-03            -4.68133E+06
              224.5E-03           -4.65035E+06
              225.E-03            -4.61938E+06
              225.5E-03           -4.5884E+06 
              226.E-03            -4.55743E+06
              226.5E-03           -4.52646E+06
              227.E-03            -4.4955E+06 
              227.5E-03           -4.46453E+06
              228.E-03            -4.43357E+06
              228.5E-03           -4.40261E+06
              229.E-03            -4.37165E+06
              229.5E-03           -4.3407E+06 
              230.E-03            -4.30974E+06
              230.5E-03           -4.27879E+06
              231.E-03            -4.24784E+06
              231.5E-03           -4.2169E+06 
              232.E-03            -4.18595E+06
              232.5E-03           -4.15501E+06
              233.E-03            -4.12407E+06
              233.5E-03           -4.09313E+06
              234.E-03            -4.06219E+06
              234.5E-03           -4.03126E+06
              235.E-03            -4.00033E+06
              235.5E-03           -3.9694E+06 
              236.E-03            -3.93847E+06
              236.5E-03           -3.90755E+06
              237.E-03            -3.87662E+06
              237.5E-03           -3.8457E+06 
              238.E-03            -3.81478E+06
              238.5E-03           -3.78387E+06
              239.E-03            -3.75295E+06
              239.5E-03           -3.72204E+06
              240.E-03            -3.69113E+06
              240.5E-03           -3.66023E+06
              241.E-03            -3.62932E+06
              241.5E-03           -3.59842E+06
              242.E-03            -3.56752E+06
              242.5E-03           -3.53662E+06
              243.E-03            -3.50573E+06
              243.5E-03           -3.47484E+06
              244.E-03            -3.44395E+06
              244.5E-03           -3.41306E+06
              245.E-03            -3.38218E+06
              245.5E-03           -3.3513E+06 
              246.E-03            -3.32042E+06
              246.5E-03           -3.28955E+06
              247.E-03            -3.25868E+06
              247.5E-03           -3.22781E+06
              248.E-03            -3.19695E+06
              248.5E-03           -3.16609E+06
              249.E-03            -3.13523E+06
              249.5E-03           -3.10438E+06
              250.E-03            -3.07353E+06
              250.5E-03           -3.04269E+06
              251.E-03            -3.01185E+06
              251.5E-03           -2.98102E+06
              252.E-03            -2.95019E+06
              252.5E-03           -2.91937E+06
              253.E-03            -2.88856E+06
              253.5E-03           -2.85775E+06
              254.E-03            -2.82695E+06
              254.5E-03           -2.79616E+06
              255.E-03            -2.76538E+06
              255.5E-03           -2.73461E+06
              256.E-03            -2.70385E+06
              256.5E-03           -2.67309E+06
              257.E-03            -2.64235E+06
              257.5E-03           -2.61163E+06
              258.E-03            -2.58091E+06
              258.5E-03           -2.55021E+06
              259.E-03            -2.51953E+06
              259.5E-03           -2.48886E+06
              260.E-03            -2.45822E+06
              260.5E-03           -2.42759E+06
              261.E-03            -2.39698E+06
              261.5E-03           -2.3664E+06 
              262.E-03            -2.33584E+06
              262.5E-03           -2.30531E+06
              263.E-03            -2.27481E+06
              263.5E-03           -2.24434E+06
              264.E-03            -2.21391E+06
              264.5E-03           -2.18351E+06
              265.E-03            -2.15315E+06
              265.5E-03           -2.12284E+06
              266.E-03            -2.09257E+06
              266.5E-03           -2.06235E+06
              267.E-03            -2.03218E+06
              267.5E-03           -2.00208E+06
              268.E-03            -1.97203E+06
              268.5E-03           -1.94206E+06
              269.E-03            -1.91215E+06
              269.5E-03           -1.88232E+06
              270.E-03            -1.85258E+06
              270.5E-03           -1.82292E+06
              271.E-03            -1.79336E+06
              271.5E-03           -1.76391E+06
              272.E-03            -1.73456E+06
              272.5E-03           -1.70534E+06
              273.E-03            -1.67624E+06
              273.5E-03           -1.64727E+06
              274.E-03            -1.61846E+06
              274.5E-03           -1.58979E+06
              275.E-03            -1.5613E+06 
              275.5E-03           -1.53298E+06
              276.E-03            -1.50485E+06
              276.5E-03           -1.47692E+06
              277.E-03            -1.44921E+06
              277.5E-03           -1.42173E+06
              278.E-03            -1.3945E+06 
              278.5E-03           -1.36753E+06
              279.E-03            -1.34083E+06
              279.5E-03           -1.31443E+06
              280.E-03            -1.28835E+06
              280.5E-03           -1.2626E+06 
              281.E-03            -1.23721E+06
              281.5E-03           -1.21219E+06
              282.E-03            -1.18757E+06
              282.5E-03           -1.16338E+06
              283.E-03            -1.13963E+06
              283.5E-03           -1.11636E+06
              284.E-03            -1.09359E+06
              284.5E-03           -1.07135E+06
              285.E-03            -1.04968E+06
              285.5E-03           -1.02859E+06
              286.E-03            -1.00813E+06
              286.5E-03         -988.328E+03  
              287.E-03          -969.218E+03  
              287.5E-03         -950.837E+03  
              288.E-03          -933.22E+03   
              288.5E-03         -916.408E+03  
              289.E-03          -900.439E+03  
              289.5E-03         -885.353E+03  
              290.E-03          -871.19E+03   
              290.5E-03         -857.991E+03  
              291.E-03          -845.797E+03  
              291.5E-03         -834.649E+03  
              292.E-03          -824.585E+03  
              292.5E-03         -815.643E+03  
              293.E-03          -807.856E+03  
              293.5E-03         -801.255E+03  
              294.E-03          -795.862E+03  
              294.5E-03         -791.688E+03  
              295.E-03          -788.728E+03  
              295.5E-03         -786.954E+03  
              296.E-03          -786.296E+03  
              296.5E-03         -786.61E+03   
              297.E-03          -787.609E+03  
              297.5E-03         -788.682E+03  
              298.E-03          -788.2E+03    
              298.5E-03         -780.942E+03  
              299.E-03          -740.645E+03  
              299.5E-03         -528.194E+03  
              300.E-03          -282.083E+03  





                  X           s11_bottom_X_03m

                0.               -33.6267E+06 
              500.E-06           -27.3155E+06 
                1.E-03           -22.1466E+06 
                1.5E-03          -20.2008E+06 
                2.E-03           -19.3161E+06 
                2.5E-03          -18.7868E+06 
                3.E-03           -18.4442E+06 
                3.5E-03          -18.2082E+06 
                4.E-03           -18.0403E+06 
                4.5E-03          -17.9181E+06 
                5.E-03           -17.8277E+06 
                5.5E-03          -17.7601E+06 
                6.E-03           -17.7091E+06 
                6.5E-03          -17.6703E+06 
                7.E-03           -17.6406E+06 
                7.5E-03          -17.6176E+06 
                8.E-03           -17.5996E+06 
                8.5E-03          -17.5853E+06 
                9.E-03           -17.5736E+06 
                9.5E-03          -17.5637E+06 
               10.E-03           -17.5552E+06 
               10.5E-03          -17.5474E+06 
               11.E-03           -17.54E+06   
               11.5E-03          -17.5326E+06 
               12.E-03           -17.5252E+06 
               12.5E-03          -17.5174E+06 
               13.E-03           -17.5092E+06 
               13.5E-03          -17.5004E+06 
               14.E-03           -17.4909E+06 
               14.5E-03          -17.4807E+06 
               15.E-03           -17.4698E+06 
               15.5E-03          -17.4581E+06 
               16.E-03           -17.4456E+06 
               16.5E-03          -17.4323E+06 
               17.E-03           -17.4181E+06 
               17.5E-03          -17.4032E+06 
               18.E-03           -17.3875E+06 
               18.5E-03          -17.371E+06  
               19.E-03           -17.3537E+06 
               19.5E-03          -17.3357E+06 
               20.E-03           -17.3169E+06 
               20.5E-03          -17.2975E+06 
               21.E-03           -17.2774E+06 
               21.5E-03          -17.2566E+06 
               22.E-03           -17.2353E+06 
               22.5E-03          -17.2133E+06 
               23.E-03           -17.1907E+06 
               23.5E-03          -17.1677E+06 
               24.E-03           -17.144E+06  
               24.5E-03          -17.1199E+06 
               25.E-03           -17.0954E+06 
               25.5E-03          -17.0703E+06 
               26.E-03           -17.0449E+06 
               26.5E-03          -17.019E+06  
               27.E-03           -16.9928E+06 
               27.5E-03          -16.9662E+06 
               28.E-03           -16.9393E+06 
               28.5E-03          -16.912E+06  
               29.E-03           -16.8844E+06 
               29.5E-03          -16.8566E+06 
               30.E-03           -16.8285E+06 
               30.5E-03          -16.8001E+06 
               31.E-03           -16.7715E+06 
               31.5E-03          -16.7426E+06 
               32.E-03           -16.7136E+06 
               32.5E-03          -16.6843E+06 
               33.E-03           -16.6549E+06 
               33.5E-03          -16.6253E+06 
               34.E-03           -16.5955E+06 
               34.5E-03          -16.5656E+06 
               35.E-03           -16.5356E+06 
               35.5E-03          -16.5054E+06 
               36.E-03           -16.4751E+06 
               36.5E-03          -16.4447E+06 
               37.E-03           -16.4141E+06 
               37.5E-03          -16.3835E+06 
               38.E-03           -16.3528E+06 
               38.5E-03          -16.322E+06  
               39.E-03           -16.2911E+06 
               39.5E-03          -16.2601E+06 
               40.E-03           -16.2291E+06 
               40.5E-03          -16.198E+06  
               41.E-03           -16.1668E+06 
               41.5E-03          -16.1356E+06 
               42.E-03           -16.1044E+06 
               42.5E-03          -16.0731E+06 
               43.E-03           -16.0418E+06 
               43.5E-03          -16.0104E+06 
               44.E-03           -15.979E+06  
               44.5E-03          -15.9475E+06 
               45.E-03           -15.916E+06  
               45.5E-03          -15.8845E+06 
               46.E-03           -15.853E+06  
               46.5E-03          -15.8215E+06 
               47.E-03           -15.7899E+06 
               47.5E-03          -15.7583E+06 
               48.E-03           -15.7267E+06 
               48.5E-03          -15.6951E+06 
               49.E-03           -15.6634E+06 
               49.5E-03          -15.6318E+06 
               50.E-03           -15.6001E+06 
               50.5E-03          -15.5685E+06 
               51.E-03           -15.5368E+06 
               51.5E-03          -15.5051E+06 
               52.E-03           -15.4734E+06 
               52.5E-03          -15.4417E+06 
               53.E-03           -15.41E+06   
               53.5E-03          -15.3783E+06 
               54.E-03           -15.3466E+06 
               54.5E-03          -15.3148E+06 
               55.E-03           -15.2831E+06 
               55.5E-03          -15.2514E+06 
               56.E-03           -15.2197E+06 
               56.5E-03          -15.188E+06  
               57.E-03           -15.1562E+06 
               57.5E-03          -15.1245E+06 
               58.E-03           -15.0928E+06 
               58.5E-03          -15.061E+06  
               59.E-03           -15.0293E+06 
               59.5E-03          -14.9976E+06 
               60.E-03           -14.9659E+06 
               60.5E-03          -14.9341E+06 
               61.E-03           -14.9024E+06 
               61.5E-03          -14.8707E+06 
               62.E-03           -14.839E+06  
               62.5E-03          -14.8072E+06 
               63.E-03           -14.7755E+06 
               63.5E-03          -14.7438E+06 
               64.E-03           -14.7121E+06 
               64.5E-03          -14.6804E+06 
               65.E-03           -14.6487E+06 
               65.5E-03          -14.6169E+06 
               66.E-03           -14.5852E+06 
               66.5E-03          -14.5535E+06 
               67.E-03           -14.5218E+06 
               67.5E-03          -14.4901E+06 
               68.E-03           -14.4584E+06 
               68.5E-03          -14.4267E+06 
               69.E-03           -14.395E+06  
               69.5E-03          -14.3633E+06 
               70.E-03           -14.3316E+06 
               70.5E-03          -14.3E+06    
               71.E-03           -14.2683E+06 
               71.5E-03          -14.2366E+06 
               72.E-03           -14.2049E+06 
               72.5E-03          -14.1732E+06 
               73.E-03           -14.1415E+06 
               73.5E-03          -14.1099E+06 
               74.E-03           -14.0782E+06 
               74.5E-03          -14.0465E+06 
               75.E-03           -14.0149E+06 
               75.5E-03          -13.9832E+06 
               76.E-03           -13.9515E+06 
               76.5E-03          -13.9199E+06 
               77.E-03           -13.8882E+06 
               77.5E-03          -13.8566E+06 
               78.E-03           -13.8249E+06 
               78.5E-03          -13.7933E+06 
               79.E-03           -13.7616E+06 
               79.5E-03          -13.73E+06   
               80.E-03           -13.6983E+06 
               80.5E-03          -13.6667E+06 
               81.E-03           -13.6351E+06 
               81.5E-03          -13.6034E+06 
               82.E-03           -13.5718E+06 
               82.5E-03          -13.5402E+06 
               83.E-03           -13.5085E+06 
               83.5E-03          -13.4769E+06 
               84.E-03           -13.4453E+06 
               84.5E-03          -13.4137E+06 
               85.E-03           -13.382E+06  
               85.5E-03          -13.3504E+06 
               86.E-03           -13.3188E+06 
               86.5E-03          -13.2872E+06 
               87.E-03           -13.2556E+06 
               87.5E-03          -13.224E+06  
               88.E-03           -13.1924E+06 
               88.5E-03          -13.1608E+06 
               89.E-03           -13.1292E+06 
               89.5E-03          -13.0976E+06 
               90.E-03           -13.066E+06  
               90.5E-03          -13.0344E+06 
               91.E-03           -13.0028E+06 
               91.5E-03          -12.9712E+06 
               92.E-03           -12.9396E+06 
               92.5E-03          -12.908E+06  
               93.E-03           -12.8765E+06 
               93.5E-03          -12.8449E+06 
               94.E-03           -12.8133E+06 
               94.5E-03          -12.7817E+06 
               95.E-03           -12.7502E+06 
               95.5E-03          -12.7186E+06 
               96.E-03           -12.687E+06  
               96.5E-03          -12.6554E+06 
               97.E-03           -12.6239E+06 
               97.5E-03          -12.5923E+06 
               98.E-03           -12.5608E+06 
               98.5E-03          -12.5292E+06 
               99.E-03           -12.4977E+06 
               99.5E-03          -12.4661E+06 
              100.E-03           -12.4346E+06 
              100.5E-03          -12.403E+06  
              101.E-03           -12.3715E+06 
              101.5E-03          -12.3399E+06 
              102.E-03           -12.3084E+06 
              102.5E-03          -12.2768E+06 
              103.E-03           -12.2453E+06 
              103.5E-03          -12.2138E+06 
              104.E-03           -12.1822E+06 
              104.5E-03          -12.1507E+06 
              105.E-03           -12.1192E+06 
              105.5E-03          -12.0877E+06 
              106.E-03           -12.0561E+06 
              106.5E-03          -12.0246E+06 
              107.E-03           -11.9931E+06 
              107.5E-03          -11.9616E+06 
              108.E-03           -11.9301E+06 
              108.5E-03          -11.8986E+06 
              109.E-03           -11.8671E+06 
              109.5E-03          -11.8356E+06 
              110.E-03           -11.8041E+06 
              110.5E-03          -11.7726E+06 
              111.E-03           -11.7411E+06 
              111.5E-03          -11.7096E+06 
              112.E-03           -11.6781E+06 
              112.5E-03          -11.6466E+06 
              113.E-03           -11.6151E+06 
              113.5E-03          -11.5836E+06 
              114.E-03           -11.5521E+06 
              114.5E-03          -11.5206E+06 
              115.E-03           -11.4892E+06 
              115.5E-03          -11.4577E+06 
              116.E-03           -11.4262E+06 
              116.5E-03          -11.3947E+06 
              117.E-03           -11.3633E+06 
              117.5E-03          -11.3318E+06 
              118.E-03           -11.3003E+06 
              118.5E-03          -11.2689E+06 
              119.E-03           -11.2374E+06 
              119.5E-03          -11.2059E+06 
              120.E-03           -11.1745E+06 
              120.5E-03          -11.143E+06  
              121.E-03           -11.1116E+06 
              121.5E-03          -11.0801E+06 
              122.E-03           -11.0487E+06 
              122.5E-03          -11.0172E+06 
              123.E-03           -10.9858E+06 
              123.5E-03          -10.9543E+06 
              124.E-03           -10.9229E+06 
              124.5E-03          -10.8915E+06 
              125.E-03           -10.86E+06   
              125.5E-03          -10.8286E+06 
              126.E-03           -10.7972E+06 
              126.5E-03          -10.7657E+06 
              127.E-03           -10.7343E+06 
              127.5E-03          -10.7029E+06 
              128.E-03           -10.6715E+06 
              128.5E-03          -10.6401E+06 
              129.E-03           -10.6086E+06 
              129.5E-03          -10.5772E+06 
              130.E-03           -10.5458E+06 
              130.5E-03          -10.5144E+06 
              131.E-03           -10.483E+06  
              131.5E-03          -10.4516E+06 
              132.E-03           -10.4202E+06 
              132.5E-03          -10.3888E+06 
              133.E-03           -10.3574E+06 
              133.5E-03          -10.326E+06  
              134.E-03           -10.2946E+06 
              134.5E-03          -10.2632E+06 
              135.E-03           -10.2318E+06 
              135.5E-03          -10.2004E+06 
              136.E-03           -10.1691E+06 
              136.5E-03          -10.1377E+06 
              137.E-03           -10.1063E+06 
              137.5E-03          -10.0749E+06 
              138.E-03           -10.0436E+06 
              138.5E-03          -10.0122E+06 
              139.E-03            -9.98081E+06
              139.5E-03           -9.94944E+06
              140.E-03            -9.91808E+06
              140.5E-03           -9.88672E+06
              141.E-03            -9.85536E+06
              141.5E-03           -9.824E+06  
              142.E-03            -9.79264E+06
              142.5E-03           -9.76129E+06
              143.E-03            -9.72994E+06
              143.5E-03           -9.69859E+06
              144.E-03            -9.66724E+06
              144.5E-03           -9.6359E+06 
              145.E-03            -9.60455E+06
              145.5E-03           -9.57321E+06
              146.E-03            -9.54188E+06
              146.5E-03           -9.51054E+06
              147.E-03            -9.47921E+06
              147.5E-03           -9.44788E+06
              148.E-03            -9.41655E+06
              148.5E-03           -9.38522E+06
              149.E-03            -9.3539E+06 
              149.5E-03           -9.32258E+06
              150.E-03            -9.29126E+06
              150.5E-03           -9.25994E+06
              151.E-03            -9.22863E+06
              151.5E-03           -9.19731E+06
              152.E-03            -9.166E+06  
              152.5E-03           -9.1347E+06 
              153.E-03            -9.10339E+06
              153.5E-03           -9.07209E+06
              154.E-03            -9.04079E+06
              154.5E-03           -9.00949E+06
              155.E-03            -8.97819E+06
              155.5E-03           -8.9469E+06 
              156.E-03            -8.91561E+06
              156.5E-03           -8.88432E+06
              157.E-03            -8.85303E+06
              157.5E-03           -8.82175E+06
              158.E-03            -8.79046E+06
              158.5E-03           -8.75918E+06
              159.E-03            -8.7279E+06 
              159.5E-03           -8.69663E+06
              160.E-03            -8.66536E+06
              160.5E-03           -8.63408E+06
              161.E-03            -8.60282E+06
              161.5E-03           -8.57155E+06
              162.E-03            -8.54029E+06
              162.5E-03           -8.50903E+06
              163.E-03            -8.47776E+06
              163.5E-03           -8.44651E+06
              164.E-03            -8.41525E+06
              164.5E-03           -8.384E+06  
              165.E-03            -8.35275E+06
              165.5E-03           -8.3215E+06 
              166.E-03            -8.29026E+06
              166.5E-03           -8.25901E+06
              167.E-03            -8.22777E+06
              167.5E-03           -8.19653E+06
              168.E-03            -8.16529E+06
              168.5E-03           -8.13406E+06
              169.E-03            -8.10283E+06
              169.5E-03           -8.0716E+06 
              170.E-03            -8.04037E+06
              170.5E-03           -8.00915E+06
              171.E-03            -7.97792E+06
              171.5E-03           -7.9467E+06 
              172.E-03            -7.91549E+06
              172.5E-03           -7.88427E+06
              173.E-03            -7.85306E+06
              173.5E-03           -7.82185E+06
              174.E-03            -7.79064E+06
              174.5E-03           -7.75943E+06
              175.E-03            -7.72823E+06
              175.5E-03           -7.69702E+06
              176.E-03            -7.66582E+06
              176.5E-03           -7.63463E+06
              177.E-03            -7.60343E+06
              177.5E-03           -7.57224E+06
              178.E-03            -7.54105E+06
              178.5E-03           -7.50986E+06
              179.E-03            -7.47867E+06
              179.5E-03           -7.44749E+06
              180.E-03            -7.41631E+06
              180.5E-03           -7.38513E+06
              181.E-03            -7.35395E+06
              181.5E-03           -7.32278E+06
              182.E-03            -7.2916E+06 
              182.5E-03           -7.26044E+06
              183.E-03            -7.22927E+06
              183.5E-03           -7.1981E+06 
              184.E-03            -7.16694E+06
              184.5E-03           -7.13578E+06
              185.E-03            -7.10462E+06
              185.5E-03           -7.07346E+06
              186.E-03            -7.04231E+06
              186.5E-03           -7.01116E+06
              187.E-03            -6.98001E+06
              187.5E-03           -6.94886E+06
              188.E-03            -6.91772E+06
              188.5E-03           -6.88658E+06
              189.E-03            -6.85544E+06
              189.5E-03           -6.8243E+06 
              190.E-03            -6.79316E+06
              190.5E-03           -6.76203E+06
              191.E-03            -6.7309E+06 
              191.5E-03           -6.69977E+06
              192.E-03            -6.66864E+06
              192.5E-03           -6.63752E+06
              193.E-03            -6.6064E+06 
              193.5E-03           -6.57528E+06
              194.E-03            -6.54416E+06
              194.5E-03           -6.51305E+06
              195.E-03            -6.48194E+06
              195.5E-03           -6.45083E+06
              196.E-03            -6.41972E+06
              196.5E-03           -6.38861E+06
              197.E-03            -6.35751E+06
              197.5E-03           -6.32641E+06
              198.E-03            -6.29531E+06
              198.5E-03           -6.26421E+06
              199.E-03            -6.23312E+06
              199.5E-03           -6.20203E+06
              200.E-03            -6.17094E+06
              200.5E-03           -6.13985E+06
              201.E-03            -6.10877E+06
              201.5E-03           -6.07768E+06
              202.E-03            -6.0466E+06 
              202.5E-03           -6.01552E+06
              203.E-03            -5.98445E+06
              203.5E-03           -5.95337E+06
              204.E-03            -5.9223E+06 
              204.5E-03           -5.89123E+06
              205.E-03            -5.86017E+06
              205.5E-03           -5.8291E+06 
              206.E-03            -5.79804E+06
              206.5E-03           -5.76698E+06
              207.E-03            -5.73592E+06
              207.5E-03           -5.70487E+06
              208.E-03            -5.67382E+06
              208.5E-03           -5.64277E+06
              209.E-03            -5.61172E+06
              209.5E-03           -5.58067E+06
              210.E-03            -5.54963E+06
              210.5E-03           -5.51859E+06
              211.E-03            -5.48755E+06
              211.5E-03           -5.45651E+06
              212.E-03            -5.42548E+06
              212.5E-03           -5.39444E+06
              213.E-03            -5.36342E+06
              213.5E-03           -5.33239E+06
              214.E-03            -5.30136E+06
              214.5E-03           -5.27034E+06
              215.E-03            -5.23932E+06
              215.5E-03           -5.2083E+06 
              216.E-03            -5.17728E+06
              216.5E-03           -5.14627E+06
              217.E-03            -5.11526E+06
              217.5E-03           -5.08425E+06
              218.E-03            -5.05324E+06
              218.5E-03           -5.02224E+06
              219.E-03            -4.99123E+06
              219.5E-03           -4.96023E+06
              220.E-03            -4.92923E+06
              220.5E-03           -4.89824E+06
              221.E-03            -4.86725E+06
              221.5E-03           -4.83625E+06
              222.E-03            -4.80526E+06
              222.5E-03           -4.77428E+06
              223.E-03            -4.74329E+06
              223.5E-03           -4.71231E+06
              224.E-03            -4.68133E+06
              224.5E-03           -4.65035E+06
              225.E-03            -4.61938E+06
              225.5E-03           -4.5884E+06 
              226.E-03            -4.55743E+06
              226.5E-03           -4.52646E+06
              227.E-03            -4.4955E+06 
              227.5E-03           -4.46453E+06
              228.E-03            -4.43357E+06
              228.5E-03           -4.40261E+06
              229.E-03            -4.37165E+06
              229.5E-03           -4.3407E+06 
              230.E-03            -4.30974E+06
              230.5E-03           -4.27879E+06
              231.E-03            -4.24784E+06
              231.5E-03           -4.2169E+06 
              232.E-03            -4.18595E+06
              232.5E-03           -4.15501E+06
              233.E-03            -4.12407E+06
              233.5E-03           -4.09313E+06
              234.E-03            -4.06219E+06
              234.5E-03           -4.03126E+06
              235.E-03            -4.00033E+06
              235.5E-03           -3.9694E+06 
              236.E-03            -3.93847E+06
              236.5E-03           -3.90755E+06
              237.E-03            -3.87662E+06
              237.5E-03           -3.8457E+06 
              238.E-03            -3.81478E+06
              238.5E-03           -3.78387E+06
              239.E-03            -3.75295E+06
              239.5E-03           -3.72204E+06
              240.E-03            -3.69113E+06
              240.5E-03           -3.66023E+06
              241.E-03            -3.62932E+06
              241.5E-03           -3.59842E+06
              242.E-03            -3.56752E+06
              242.5E-03           -3.53662E+06
              243.E-03            -3.50573E+06
              243.5E-03           -3.47484E+06
              244.E-03            -3.44395E+06
              244.5E-03           -3.41306E+06
              245.E-03            -3.38218E+06
              245.5E-03           -3.3513E+06 
              246.E-03            -3.32042E+06
              246.5E-03           -3.28955E+06
              247.E-03            -3.25868E+06
              247.5E-03           -3.22781E+06
              248.E-03            -3.19695E+06
              248.5E-03           -3.16609E+06
              249.E-03            -3.13523E+06
              249.5E-03           -3.10438E+06
              250.E-03            -3.07353E+06
              250.5E-03           -3.04269E+06
              251.E-03            -3.01185E+06
              251.5E-03           -2.98102E+06
              252.E-03            -2.95019E+06
              252.5E-03           -2.91937E+06
              253.E-03            -2.88856E+06
              253.5E-03           -2.85775E+06
              254.E-03            -2.82695E+06
              254.5E-03           -2.79616E+06
              255.E-03            -2.76538E+06
              255.5E-03           -2.73461E+06
              256.E-03            -2.70385E+06
              256.5E-03           -2.67309E+06
              257.E-03            -2.64235E+06
              257.5E-03           -2.61163E+06
              258.E-03            -2.58091E+06
              258.5E-03           -2.55021E+06
              259.E-03            -2.51953E+06
              259.5E-03           -2.48886E+06
              260.E-03            -2.45822E+06
              260.5E-03           -2.42759E+06
              261.E-03            -2.39698E+06
              261.5E-03           -2.3664E+06 
              262.E-03            -2.33584E+06
              262.5E-03           -2.30531E+06
              263.E-03            -2.27481E+06
              263.5E-03           -2.24434E+06
              264.E-03            -2.21391E+06
              264.5E-03           -2.18351E+06
              265.E-03            -2.15315E+06
              265.5E-03           -2.12284E+06
              266.E-03            -2.09257E+06
              266.5E-03           -2.06235E+06
              267.E-03            -2.03218E+06
              267.5E-03           -2.00208E+06
              268.E-03            -1.97203E+06
              268.5E-03           -1.94206E+06
              269.E-03            -1.91215E+06
              269.5E-03           -1.88232E+06
              270.E-03            -1.85258E+06
              270.5E-03           -1.82292E+06
              271.E-03            -1.79336E+06
              271.5E-03           -1.76391E+06
              272.E-03            -1.73456E+06
              272.5E-03           -1.70534E+06
              273.E-03            -1.67624E+06
              273.5E-03           -1.64727E+06
              274.E-03            -1.61846E+06
              274.5E-03           -1.58979E+06
              275.E-03            -1.5613E+06 
              275.5E-03           -1.53298E+06
              276.E-03            -1.50485E+06
              276.5E-03           -1.47692E+06
              277.E-03            -1.44921E+06
              277.5E-03           -1.42173E+06
              278.E-03            -1.3945E+06 
              278.5E-03           -1.36753E+06
              279.E-03            -1.34083E+06
              279.5E-03           -1.31443E+06
              280.E-03            -1.28835E+06
              280.5E-03           -1.2626E+06 
              281.E-03            -1.23721E+06
              281.5E-03           -1.21219E+06
              282.E-03            -1.18757E+06
              282.5E-03           -1.16338E+06
              283.E-03            -1.13963E+06
              283.5E-03           -1.11636E+06
              284.E-03            -1.09359E+06
              284.5E-03           -1.07135E+06
              285.E-03            -1.04968E+06
              285.5E-03           -1.02859E+06
              286.E-03            -1.00813E+06
              286.5E-03         -988.328E+03  
              287.E-03          -969.218E+03  
              287.5E-03         -950.837E+03  
              288.E-03          -933.22E+03   
              288.5E-03         -916.408E+03  
              289.E-03          -900.439E+03  
              289.5E-03         -885.353E+03  
              290.E-03          -871.19E+03   
              290.5E-03         -857.991E+03  
              291.E-03          -845.797E+03  
              291.5E-03         -834.649E+03  
              292.E-03          -824.585E+03  
              292.5E-03         -815.643E+03  
              293.E-03          -807.856E+03  
              293.5E-03         -801.255E+03  
              294.E-03          -795.862E+03  
              294.5E-03         -791.688E+03  
              295.E-03          -788.728E+03  
              295.5E-03         -786.954E+03  
              296.E-03          -786.296E+03  
              296.5E-03         -786.61E+03   
              297.E-03          -787.609E+03  
              297.5E-03         -788.682E+03  
              298.E-03          -788.2E+03    
              298.5E-03         -780.942E+03  
              299.E-03          -740.645E+03  
              299.5E-03         -528.194E+03  
              300.E-03          -282.083E+03  




